Starting system...
System has been started. 
Waiting for new submissions... 
/usr/bin/ld: warning: link.res contains output sections; did you forget -T?

 1
    1
  

 1
    2
  

 1
    428
  

 1
    6
  

 1
    723
  

 1
    26
  

 1
    10
  

 1
    4096
  

 1
    1
  

 1
    1
  
/usr/bin/ld: warning: link.res contains output sections; did you forget -T?
/usr/bin/ld: warning: link.res contains output sections; did you forget -T?
/usr/bin/ld: warning: link.res contains output sections; did you forget -T?
timeout: failed to run command `./file': Permission denied
/usr/bin/ld: warning: link.res contains output sections; did you forget -T?

 2
    4
  

 2
    4
  

 5
    5
  

 6
    5
  

 6
    3
  

 5
    10
  

 5
    4
  

 5
    4
  

 2
    7
  

 7
    6
  

 4
    4
  
/usr/bin/ld: warning: link.res contains output sections; did you forget -T?

 2
    2
  

 2
    4
  

 5
    5
  

 6
    5
  

 6
    3
  

 5
    10
  

 5
    4
  

 5
    4
  

 2
    7
  

 7
    6
  

 4
    4
  
/usr/bin/ld: warning: link.res contains output sections; did you forget -T?

 2
    2
  

 2
    5
  

 5
    16
  

 6
    1
  

 6
    2
  

 5
    5
  

 5
    6
  

 5
    1
  

 2
    2
  

 7
    5
  

 4
    6
  
/usr/bin/ld: warning: link.res contains output sections; did you forget -T?

 2
    2
  

 2
    5
  

 5
    16
  

 6
    1
  

 6
    2
  

 5
    5
  

 5
    6
  

 5
    1
  

 2
    2
  

 7
    5
  

 4
    6
  
/usr/bin/ld: warning: link.res contains output sections; did you forget -T?

 2
    2
  

 2
    5
  

 5
    16
  

 6
    1
  

 6
    2
  

 5
    5
  

 5
    6
  

 5
    1
  

 2
    2
  

 7
    5
  

 4
    6
  
/usr/bin/ld: warning: link.res contains output sections; did you forget -T?

 2
    2
  

 2
    5
  

 5
    16
  

 7
    1
  

 7
    2
  

 6
    5
  

 6
    6
  

 5
    1
  

 3
    2
  

 7
    5
  

 5
    6
  
/usr/bin/ld: warning: link.res contains output sections; did you forget -T?

 0
    1
  

 0
    2
  

 409
    428
  

 3
    6
  

     723
  

 35
    26
  

 4
    10
  

     4096
  

 0
    1
  

 0
    1
  
file.c: In function ‘int main()’:
file.c:20:18: error: ‘n’ was not declared in this scope
/usr/bin/ld: warning: link.res contains output sections; did you forget -T?
/usr/bin/ld: warning: link.res contains output sections; did you forget -T?

 3693588
    15864
  
PHP Warning:  file_get_contents(blocuri.ok): failed to open stream: No such file or directory in /home/ubuntu/teamcode/bin/system.php on line 81
PHP Warning:  file_get_contents(blocuri.ok): failed to open stream: No such file or directory in /home/ubuntu/teamcode/bin/system.php on line 84

 594764
      
PHP Warning:  unlink(blocuri.in): No such file or directory in /home/ubuntu/teamcode/bin/system.php on line 89
PHP Warning:  unlink(blocuri.ok): No such file or directory in /home/ubuntu/teamcode/bin/system.php on line 90
PHP Warning:  unlink(file): No such file or directory in /home/ubuntu/teamcode/bin/system.php on line 145
PHP Warning:  unlink(file.pas): No such file or directory in /home/ubuntu/teamcode/bin/system.php on line 145
PHP Warning:  unlink(file.o): No such file or directory in /home/ubuntu/teamcode/bin/system.php on line 145
PHP Warning:  unlink(file.o): No such file or directory in /home/ubuntu/teamcode/bin/system.php on line 145
PHP Warning:  unlink(file.o): No such file or directory in /home/ubuntu/teamcode/bin/system.php on line 145
/usr/bin/ld: warning: link.res contains output sections; did you forget -T?

 3693588
    3693588
  

 594764
    594764
  
/usr/bin/ld: warning: link.res contains output sections; did you forget -T?

 3693588
    3693588
  

 594764
    594764
  
/usr/bin/ld: warning: link.res contains output sections; did you forget -T?
/usr/bin/ld: warning: link.res contains output sections; did you forget -T?

 3693588
    3693588
  

 594764
    594764
  
/usr/bin/ld: warning: link.res contains output sections; did you forget -T?

 3693588
    3693588
  

 15864
    15864
  

 360559300
    360559300
  

 594764
    594764
  
/usr/bin/ld: warning: link.res contains output sections; did you forget -T?

 3693588
    3693588
  

 594764
    594764
  
PHP Warning:  unlink(file.o): No such file or directory in /home/ubuntu/teamcode/bin/system.php on line 145

 -1    -1
  

 42
    42
  

 -1    -1
  

 -1    -1
  

 312
    312
  

 7750
    7750
  
PHP Warning:  unlink(file.o): No such file or directory in /home/ubuntu/teamcode/bin/system.php on line 145

 -1    -1
  

 42
    42
  

 -1    -1
  

 -1    -1
  

 312
    312
  

 7750
    7750
  

 24830
    24830
  
PHP Warning:  unlink(file.o): No such file or directory in /home/ubuntu/teamcode/bin/system.php on line 145

 -1    -1
  

 42
    42
  

 -1    -1
  

 -1    -1
  

 312
    312
  

 7750
    7750
  

 24830
    24830
  

     912432
  
PHP Warning:  unlink(file.o): No such file or directory in /home/ubuntu/teamcode/bin/system.php on line 145

 -1
    -1
  

 42
    42
  

 -1
    -1
  

 -1
    -1
  

 312
    312
  

 7750
    7750
  

 24830
    24830
  

 912432
    912432
  

 681683
    681683
  

 681689
    681689
  
PHP Warning:  unlink(file.o): No such file or directory in /home/ubuntu/teamcode/bin/system.php on line 145

 -1    -1
  

 42
    42
  

 -1    -1
  

 -1    -1
  

 312
    312
  

 7750
    7750
  

 24830
    24830
  

     912432
  
PHP Warning:  unlink(file.o): No such file or directory in /home/ubuntu/teamcode/bin/system.php on line 145
MySQL server has gone away